<?xml version="1.0" encoding="UTF-8"?>
<testsuite name="TraderTest" tests="3" skipped="0" failures="0" errors="0" timestamp="2022-10-08T17:09:13" hostname="DESKTOP-EHLPECN" time="0.01">
  <properties/>
  <testcase name="TestEmptyConstructor" classname="TraderTest" time="0.006"/>
  <testcase name="TestAddToWishlist" classname="TraderTest" time="0.003"/>
  <testcase name="TestGetSellingPrice" classname="TraderTest" time="0.001"/>
  <system-out><![CDATA[]]></system-out>
  <system-err><![CDATA[]]></system-err>
</testsuite>
